<?xml version="1.0" encoding="UTF-8"?>
<coverage generated="1630244483574" clover="3.2.0">
  <project timestamp="1630244483574" name="All files">
    <metrics statements="16" coveredstatements="14" conditionals="2" coveredconditionals="2" methods="11" coveredmethods="9" elements="29" coveredelements="25" complexity="0" loc="16" ncloc="16" packages="1" files="6" classes="6"/>
    <file name="async.js" path="/Users/jinxiao/Code/monorepo/packages/core/lib/async.js">
      <metrics statements="8" coveredstatements="6" conditionals="2" coveredconditionals="2" methods="4" coveredmethods="2"/>
      <line num="1" count="1" type="stmt"/>
      <line num="2" count="0" type="stmt"/>
      <line num="3" count="0" type="stmt"/>
      <line num="7" count="1" type="stmt"/>
      <line num="8" count="6" type="stmt"/>
      <line num="9" count="6" type="cond" truecount="2" falsecount="0"/>
      <line num="10" count="3" type="stmt"/>
      <line num="12" count="3" type="stmt"/>
    </file>
    <file name="core.js" path="/Users/jinxiao/Code/monorepo/packages/core/lib/core.js">
      <metrics statements="1" coveredstatements="1" conditionals="0" coveredconditionals="0" methods="1" coveredmethods="1"/>
      <line num="3" count="1" type="stmt"/>
    </file>
    <file name="forEach.js" path="/Users/jinxiao/Code/monorepo/packages/core/lib/forEach.js">
      <metrics statements="2" coveredstatements="2" conditionals="0" coveredconditionals="0" methods="1" coveredmethods="1"/>
      <line num="2" count="1" type="stmt"/>
      <line num="3" count="2" type="stmt"/>
    </file>
    <file name="sound-player-consumer.js" path="/Users/jinxiao/Code/monorepo/packages/core/lib/sound-player-consumer.js">
      <metrics statements="3" coveredstatements="3" conditionals="0" coveredconditionals="0" methods="2" coveredmethods="2"/>
      <line num="5" count="3" type="stmt"/>
      <line num="9" count="1" type="stmt"/>
      <line num="10" count="1" type="stmt"/>
    </file>
    <file name="toEqual.js" path="/Users/jinxiao/Code/monorepo/packages/core/lib/toEqual.js">
      <metrics statements="1" coveredstatements="1" conditionals="0" coveredconditionals="0" methods="1" coveredmethods="1"/>
      <line num="2" count="1" type="stmt"/>
    </file>
    <file name="users.js" path="/Users/jinxiao/Code/monorepo/packages/core/lib/users.js">
      <metrics statements="1" coveredstatements="1" conditionals="0" coveredconditionals="0" methods="2" coveredmethods="2"/>
      <line num="5" count="1" type="stmt"/>
    </file>
  </project>
</coverage>
