<?xml version="1.0" encoding="UTF-8"?>
<coverage generated="1631179208281" clover="3.2.0">
  <project timestamp="1631179208282" name="All files">
    <metrics statements="24" coveredstatements="21" conditionals="6" coveredconditionals="5" methods="14" coveredmethods="12" elements="44" coveredelements="38" complexity="0" loc="24" ncloc="24" packages="1" files="7" classes="7"/>
    <file name="async.js" path="/Users/jinxiao/Code/monorepo/packages/core/lib/async.js">
      <metrics statements="8" coveredstatements="6" conditionals="2" coveredconditionals="2" methods="4" coveredmethods="2"/>
      <line num="1" count="1" type="stmt"/>
      <line num="2" count="0" type="stmt"/>
      <line num="3" count="0" type="stmt"/>
      <line num="7" count="1" type="stmt"/>
      <line num="8" count="6" type="stmt"/>
      <line num="9" count="6" type="cond" truecount="2" falsecount="0"/>
      <line num="10" count="3" type="stmt"/>
      <line num="12" count="3" type="stmt"/>
    </file>
    <file name="component.js" path="/Users/jinxiao/Code/monorepo/packages/core/lib/component.js">
      <metrics statements="8" coveredstatements="7" conditionals="4" coveredconditionals="3" methods="3" coveredmethods="3"/>
      <line num="3" count="1" type="stmt"/>
      <line num="4" count="1" type="cond" truecount="1" falsecount="1"/>
      <line num="5" count="1" type="stmt"/>
      <line num="8" count="0" type="stmt"/>
      <line num="11" count="1" type="stmt"/>
      <line num="12" count="2" type="stmt"/>
      <line num="14" count="2" type="stmt"/>
      <line num="19" count="1" type="stmt"/>
    </file>
    <file name="core.js" path="/Users/jinxiao/Code/monorepo/packages/core/lib/core.js">
      <metrics statements="1" coveredstatements="1" conditionals="0" coveredconditionals="0" methods="1" coveredmethods="1"/>
      <line num="3" count="1" type="stmt"/>
    </file>
    <file name="forEach.js" path="/Users/jinxiao/Code/monorepo/packages/core/lib/forEach.js">
      <metrics statements="2" coveredstatements="2" conditionals="0" coveredconditionals="0" methods="1" coveredmethods="1"/>
      <line num="2" count="1" type="stmt"/>
      <line num="3" count="2" type="stmt"/>
    </file>
    <file name="sound-player-consumer.js" path="/Users/jinxiao/Code/monorepo/packages/core/lib/sound-player-consumer.js">
      <metrics statements="3" coveredstatements="3" conditionals="0" coveredconditionals="0" methods="2" coveredmethods="2"/>
      <line num="5" count="3" type="stmt"/>
      <line num="9" count="1" type="stmt"/>
      <line num="10" count="1" type="stmt"/>
    </file>
    <file name="toEqual.js" path="/Users/jinxiao/Code/monorepo/packages/core/lib/toEqual.js">
      <metrics statements="1" coveredstatements="1" conditionals="0" coveredconditionals="0" methods="1" coveredmethods="1"/>
      <line num="2" count="1" type="stmt"/>
    </file>
    <file name="users.js" path="/Users/jinxiao/Code/monorepo/packages/core/lib/users.js">
      <metrics statements="1" coveredstatements="1" conditionals="0" coveredconditionals="0" methods="2" coveredmethods="2"/>
      <line num="5" count="1" type="stmt"/>
    </file>
  </project>
</coverage>
