TN:
SF:lib/async.js
FN:1,(anonymous_0)
FN:2,(anonymous_1)
FN:7,(anonymous_2)
FN:8,(anonymous_3)
FNF:4
FNH:2
FNDA:0,(anonymous_0)
FNDA:0,(anonymous_1)
FNDA:6,(anonymous_2)
FNDA:6,(anonymous_3)
DA:1,1
DA:2,0
DA:3,0
DA:7,1
DA:8,6
DA:9,6
DA:10,3
DA:12,3
LF:8
LH:6
BRDA:9,0,0,3
BRDA:9,0,1,3
BRF:2
BRH:2
end_of_record
TN:
SF:lib/core.js
FN:1,sum
FNF:1
FNH:1
FNDA:1,sum
DA:3,1
LF:1
LH:1
BRF:0
BRH:0
end_of_record
TN:
SF:lib/toEqual.js
FN:1,(anonymous_0)
FNF:1
FNH:1
FNDA:1,(anonymous_0)
DA:2,1
LF:1
LH:1
BRF:0
BRH:0
end_of_record
